[35m[Appium][39m Welcome to Appium v1.22.0
[35m[Appium][39m Non-default server args:
[35m[Appium][39m   port: 62606
[35m[Appium][39m   loglevel: info
[35m[Appium][39m   tmpDir: C:\Users\DELL\AppData\Local\Temp\\Katalon\Appium\Temp1643709765042
[35m[Appium][39m   chromedriverPort: 62607
[35m[Appium][39m Deprecated server args:
[35m[Appium][39m   [31m--chromedriver-port[39m => --default-capabilities
[35m[Appium][39m Default capabilities, which will be added to each request unless overridden by desired capabilities:
[35m[Appium][39m   chromedriverPort: 62607
[35m[Appium][39m Appium REST http interface listener started on 0.0.0.0:62606
[35m[HTTP][39m [37m-->[39m [37mGET[39m [37m/wd/hub/status[39m
[35m[HTTP][39m [90m{}[39m
[35m[HTTP][39m [37m<-- GET /wd/hub/status [39m[32m200[39m [90m3 ms - 68[39m
[35m[HTTP][39m [90m[39m
[35m[HTTP][39m [37m-->[39m [37mGET[39m [37m/wd/hub/status[39m
[35m[HTTP][39m [90m{}[39m
[35m[HTTP][39m [37m<-- GET /wd/hub/status [39m[32m200[39m [90m1 ms - 68[39m
[35m[HTTP][39m [90m[39m
[35m[HTTP][39m [37m-->[39m [37mPOST[39m [37m/wd/hub/session[39m
[35m[HTTP][39m [90m{"desiredCapabilities":{"app":"C:\\Users\\DELL\\git\\WajeezAndroid\\WajeezAndroid\\app-gms-developmentDebug.apk","noReset":true,"deviceName":"samsung SM-A515F (Android 11)","fullReset":false,"platform":"ANDROID","newCommandTimeout":1800,"platformVersion":"11","automationName":"uiautomator2","autoGrantPermissions":true,"platformName":"Android","udid":"RZ8N106GEQT","systemPort":62611},"capabilities":{"firstMatch":[{"appium:app":"C:\\Users\\DELL\\git\\WajeezAndroid\\WajeezAndroid\\app-gms-developmentDebug.apk","appium:autoGrantPermissions":true,"appium:automationName":"uiautomator2","appium:deviceName":"samsung SM-A515F (Android 11)","appium:fullReset":false,"appium:newCommandTimeout":1800,"appium:noReset":true,"platform":"ANDROID","platformName":"android","appium:platformVersion":"11","appium:systemPort":62611,"appium:udid":"RZ8N106GEQT"}]}}[39m
[35m[BaseDriver][39m The following capabilities are not standard capabilities and should have an extension prefix:
[35m[BaseDriver][39m   platform
[35m[BaseDriver][39m   chromedriverPort
[35m[Appium][39m Appium v1.22.0 creating new AndroidUiautomator2Driver (v1.69.0) session
[35m[BaseDriver][39m The following capabilities were provided, but are not recognized by Appium:
[35m[BaseDriver][39m   platform
[35m[BaseDriver][39m Session created with session id: c29d9a7f-8f14-4df9-8777-af3b67432306
[35m[BaseDriver][39m Using local app 'C:\Users\DELL\git\WajeezAndroid\WajeezAndroid\app-gms-developmentDebug.apk'
[35m[ADB][39m Found 1 'build-tools' folders under 'C:\Users\DELL\.katalon\tools\android_sdk' (newest first):
[35m[ADB][39m     C:/Users/DELL/.katalon/tools/android_sdk/build-tools/29.0.3
[35m[ADB][39m Using 'adb.exe' from 'C:\Users\DELL\.katalon\tools\android_sdk\platform-tools\adb.exe'
[35m[AndroidDriver][39m Retrieving device list
[35m[AndroidDriver][39m Using device: RZ8N106GEQT
[35m[ADB][39m Using 'adb.exe' from 'C:\Users\DELL\.katalon\tools\android_sdk\platform-tools\adb.exe'
[35m[ADB][39m Getting device platform version
[35m[UiAutomator2][39m Relaxing hidden api policy
[35m[ADB][39m Package name: 'com.faylasof.android.waamda'
[35m[ADB][39m Main activity name: 'com.faylasof.android.waamda.view.splash.SplashActivity'
[35m[ADB][39m Using 'apksigner.jar' from 'C:\Users\DELL\.katalon\tools\android_sdk\build-tools\29.0.3\lib\apksigner.jar'
[35m[ADB][39m 'C:\Users\DELL\AppData\Roaming\npm\node_modules\appium\node_modules\appium-uiautomator2-server\apks\appium-uiautomator2-server-v4.24.0.apk' is signed with the default certificate
[35m[ADB][39m 'C:\Users\DELL\AppData\Roaming\npm\node_modules\appium\node_modules\appium-uiautomator2-server\apks\appium-uiautomator2-server-debug-androidTest.apk' is signed with the default certificate
[35m[UiAutomator2][39m Server packages are not going to be (re)installed
[35m[ADB][39m Adding packages ["io.appium.settings","io.appium.uiautomator2.server","io.appium.uiautomator2.server.test"] to Doze whitelist
[35m[ADB][39m 'C:\Users\DELL\git\WajeezAndroid\WajeezAndroid\app-gms-developmentDebug.apk' is signed with a non-default certificate
[35m[ADB][39m The application at 'C:\Users\DELL\git\WajeezAndroid\WajeezAndroid\app-gms-developmentDebug.apk' will not be cached, because the device under test has confirmed the support of streamed installs
[35m[ADB][39m The installation of 'app-gms-developmentDebug.apk' took 2817ms
[35m[UiAutomator2][39m Starting UIAutomator2 server 4.24.0
[35m[UiAutomator2][39m Using UIAutomator2 server from 'C:\Users\DELL\AppData\Roaming\npm\node_modules\appium\node_modules\appium-uiautomator2-server\apks\appium-uiautomator2-server-v4.24.0.apk' and test from 'C:\Users\DELL\AppData\Roaming\npm\node_modules\appium\node_modules\appium-uiautomator2-server\apks\appium-uiautomator2-server-debug-androidTest.apk'
[35m[UiAutomator2][39m Waiting up to 30000ms for UiAutomator2 to be online...
[35m[WD Proxy][39m socket hang up
[35m[WD Proxy][39m socket hang up
[35m[WD Proxy][39m socket hang up
[35m[WD Proxy][39m socket hang up
[35m[WD Proxy][39m Determined the downstream protocol as 'W3C'
[35m[AndroidDriver][39m Screen already unlocked, doing nothing
[35m[UiAutomator2][39m Starting 'com.faylasof.android.waamda/com.faylasof.android.waamda.view.splash.SplashActivity and waiting for 'com.faylasof.android.waamda/com.faylasof.android.waamda.view.splash.SplashActivity'
[35m[Appium][39m New AndroidUiautomator2Driver session created successfully, session c29d9a7f-8f14-4df9-8777-af3b67432306 added to master session list
[35m[HTTP][39m [37m<-- POST /wd/hub/session [39m[32m200[39m [90m14616 ms - 1323[39m
[35m[HTTP][39m [90m[39m
[35m[HTTP][39m [37m-->[39m [37mGET[39m [37m/wd/hub/session/c29d9a7f-8f14-4df9-8777-af3b67432306[39m
[35m[HTTP][39m [90m{}[39m
[35m[HTTP][39m [37m<-- GET /wd/hub/session/c29d9a7f-8f14-4df9-8777-af3b67432306 [39m[32m200[39m [90m22 ms - 1277[39m
[35m[HTTP][39m [90m[39m
[35m[HTTP][39m [37m-->[39m [37mGET[39m [37m/wd/hub/session/c29d9a7f-8f14-4df9-8777-af3b67432306[39m
[35m[HTTP][39m [90m{}[39m
[35m[HTTP][39m [37m<-- GET /wd/hub/session/c29d9a7f-8f14-4df9-8777-af3b67432306 [39m[32m200[39m [90m11 ms - 1277[39m
[35m[HTTP][39m [90m[39m
[35m[HTTP][39m [37m-->[39m [37mGET[39m [37m/wd/hub/status[39m
[35m[HTTP][39m [90m{}[39m
[35m[HTTP][39m [37m<-- GET /wd/hub/status [39m[32m200[39m [90m1 ms - 68[39m
[35m[HTTP][39m [90m[39m
[35m[HTTP][39m [37m-->[39m [37mPOST[39m [37m/wd/hub/session/c29d9a7f-8f14-4df9-8777-af3b67432306/timeouts[39m
[35m[HTTP][39m [90m{"implicit":60000}[39m
[35m[HTTP][39m [37m<-- POST /wd/hub/session/c29d9a7f-8f14-4df9-8777-af3b67432306/timeouts [39m[32m200[39m [90m2 ms - 14[39m
[35m[HTTP][39m [90m[39m
[35m[HTTP][39m [37m-->[39m [37mGET[39m [37m/wd/hub/session/c29d9a7f-8f14-4df9-8777-af3b67432306/source[39m
[35m[HTTP][39m [90m{}[39m
[35m[W3C (c29d9a7f)][39m Driver proxy active, passing request on via HTTP proxy
[35m[WD Proxy][39m Replacing sessionId 3a124f16-aef5-4d13-b375-a5774ebc4685 with c29d9a7f-8f14-4df9-8777-af3b67432306
[35m[HTTP][39m [37m<-- GET /wd/hub/session/c29d9a7f-8f14-4df9-8777-af3b67432306/source [39m[32m200[39m [90m715 ms - 4649[39m
[35m[HTTP][39m [90m[39m
[35m[HTTP][39m [37m-->[39m [37mGET[39m [37m/wd/hub/session/c29d9a7f-8f14-4df9-8777-af3b67432306/screenshot[39m
[35m[HTTP][39m [90m{}[39m
[35m[HTTP][39m [37m<-- GET /wd/hub/session/c29d9a7f-8f14-4df9-8777-af3b67432306/screenshot [39m[32m200[39m [90m954 ms - 237708[39m
[35m[HTTP][39m [90m[39m
[35m[HTTP][39m [37m-->[39m [37mDELETE[39m [37m/wd/hub/session/c29d9a7f-8f14-4df9-8777-af3b67432306[39m
[35m[HTTP][39m [90m{}[39m
[35m[Appium][39m Removing session c29d9a7f-8f14-4df9-8777-af3b67432306 from our master session list
[35m[UiAutomator2][39m Restoring hidden api policy to the device default configuration
